<?xml version="1.0" encoding="UTF-8"?>
<!-- Generated by org.testng.reporters.JUnitReportReporter -->
<testsuite skipped="0" hostname="Saathappan" name="Test.ProductsAddToCartTest" tests="1" failures="0" timestamp="2022-01-09T19:13:53 IST" time="0.876" errors="0">
  <testcase name="ProductsToAddCartTest" time="0.876" classname="Test.ProductsAddToCartTest"/>
  <system-out/>
</testsuite> <!-- Test.ProductsAddToCartTest -->
