<?xml version="1.0" encoding="UTF-8"?>
<!-- Generated by org.testng.reporters.JUnitReportReporter -->
<testsuite skipped="0" hostname="Saathappan" name="Test.CheckOutCompleteTest" tests="1" failures="0" timestamp="2022-01-09T22:33:41 IST" time="0.093" errors="0">
  <testcase name="CheckOutOverViewTest" time="0.093" classname="Test.CheckOutCompleteTest"/>
  <system-out/>
</testsuite> <!-- Test.CheckOutCompleteTest -->
