<?xml version="1.0" encoding="UTF-8"?>
<!-- Generated by org.testng.reporters.JUnitReportReporter -->
<testsuite skipped="0" hostname="Saathappan" name="Test.YourCartTest" tests="1" failures="0" timestamp="2022-01-09T19:13:53 IST" time="0.191" errors="0">
  <testcase name="YourCart" time="0.191" classname="Test.YourCartTest"/>
  <system-out/>
</testsuite> <!-- Test.YourCartTest -->
