<?xml version="1.0" encoding="UTF-8"?>
<!-- Generated by org.testng.reporters.JUnitReportReporter -->
<testsuite skipped="0" hostname="Saathappan" name="Test.SauceLoginTest" tests="1" failures="0" timestamp="2022-01-09T19:13:53 IST" time="3.073" errors="0">
  <testcase name="SauceLogin" time="3.073" classname="Test.SauceLoginTest"/>
  <system-out/>
</testsuite> <!-- Test.SauceLoginTest -->
